173.7s 146 ----------------------------------------
234.9s 147 [61.0s] 2128_audio1.wav -> Ya al qi, uridu buk flaik ila jeddah al usbu al qadim hal bisa bantu ajidah afdal skedul warilhatan mubasyurah.
292.8s 148 [58.0s] 2128_audio10.wav -> Jelaskan step by step cara booking flag ke jeda secara online.
350.2s 149 [57.3s] 2128_audio2.wav -> uridu orange transport min jeda ila madinda gadan
407.8s 150 [57.6s] 2128_audio3.wav -> Can you help aku arrange transport dari Jeddah ke Madinah tomorrow?
465.1s 151 [57.3s] 2128_audio4.wav -> Explain step by step cara apply visa Saudi dengan benar.
523.1s 152 [58.0s] 2128_audio5.wav -> Aku mau book flight ke jendah minggu depan. Bisa bantu schedule?
581.5s 153 [58.4s] 2128_audio6.wav -> Aku butuh travel umrah simple tapi ikut Medina Fisit.
639.1s 154 [57.6s] 2128_audio7.wav -> How to prepare dokumen umrah dari Indonesia dengan benar.
696.7s 155 [57.6s] 2128_audio8.wav -> Bagaimana proses visa Saudi untuk Umrah dari Indonesia sekarang?
755.6s 156 [58.8s] 2128_audio9.wav -> Get aku cara pilih hotel di Mekah dekat Haram dengan budget terbatas.
813.9s 157 [58.3s] 2222_audio1.wav -> Aku mau book flight ke Jeddah minggu depan, bisa bantu schedule.
871.4s 158 [57.5s] 2222_audio10.wav -> Apa perbedaan umroh dan hajj secara detail dalam Islam?
928.9s 159 [57.4s] 2222_audio12.wav -> Bagaimana proses visa Saudi untuk umrah dari Indonesia sekarang?
986.0s 160 [57.1s] 2222_audio14.wav -> How to prepare dokumen umrah dari Indonesia dengan benar
1044.0s 161 [58.0s] 2222_audio2.wav -> Aku butuh travel umrah simple tapi include madinah visit.
1101.3s 162 [57.4s] 2222_audio3.wav -> Can you help aku arrange transport dari Judea ke Madinah tomorrow?
1158.5s 163 [57.2s] 2222_audio4.wav -> Explain step by step cara apply visa Saudi dengan benar.
1218.9s 164 [60.4s] 2222_audio5.wav -> Ya akhi, uridu bukfaik ilajadah al-rasbu'al qadim, hal bisa bantu ajidah aftal skedul warihlatan mubasyirah.
1277.2s 165 [58.3s] 2222_audio6.wav -> uridu arrange transport menjedah ila madinah wadan
1335.8s 166 [58.6s] 2222_audio7.wav -> Book flight ke Jeddah lalu lanjut ke Madinah. Schedule terbaik kapan?
1394.1s 167 [58.3s] 2301_audio1.wav -> Aku mau book fly ke jedah minggu depan, bisa bantu schedule?
1452.8s 168 [58.7s] 2301_audio11.wav -> Kenapa fasting di Ramadan itu wajib bagi muslim?
1510.7s 169 [58.0s] 2301_audio12.wav -> Bagaimana proses visa Saudi untuk umroh dari Indonesia sekarang?
1568.1s 170 [57.4s] 2301_audio14.wav -> How to prepare dokumen umroh dari Indonesia dengan benar
1626.6s 171 [58.5s] 2301_audio15.wav -> Tolong buat checklist persiapan umroh termasuk barang wajib dibawa.
1685.6s 172 [58.9s] 2301_audio2.wav -> Aku butuh travel umrah simple, tapi include Madinah visit.
1743.7s 173 [58.1s] 2301_audio3.wav -> Can you help aku arrange transport dari Jeddah ke Madinah tomorrow?
1801.9s 174 [58.2s] 2301_audio4.wav -> Explain step by step cara apply visa Saudi dengan benar
1862.3s 175 [60.4s] 2301_audio5.wav -> Ya akhi, uridu book flight ila jidah al-usbu al-qadim. Hal bisa bantu ajidah afdal skajul warih latan mubashiroh?
1920.1s 176 [57.8s] 2301_audio6.wav -> Uridu Range Transport menjedah ila Madinah Kogodan.
1978.2s 177 [58.1s] 2302_audio01.wav -> Aku mau book flight ke Jeddah minggu depan, bisa bantu schedule.
2037.3s 178 [59.0s] 2302_audio02.wav -> Aku butuh travel umroh simple, tapi include Madinah visit.
2095.6s 179 [58.4s] 2302_audio03.wav -> Can you help? Aku arrange transport dari Jeddah ke Madinah tomorrow.
2153.9s 180 [58.3s] 2302_audio04.wav -> Expand step by step cara apply visa Saudi dengan benar.
2213.4s 181 [59.5s] 2302_audio05.wav -> Ya akhi, uri dubu flight ila jeddah al-usbu al-khadim hal bisa bantu ajida afdal schedule warih latan mubassiroh.
2271.1s 182 [57.7s] 2302_audio06.wav -> Uridu Range Transport Minjida ila Madinah Hadad
2329.3s 183 [58.1s] 2302_audio11.wav -> Kenapa fasting di Ramadan itu wajib bagi muslim?
2387.6s 184 [58.4s] 2302_audio14.wav -> How to prepare dokumen umroh dari Indonesia dengan benar?
2446.6s 185 [58.9s] 2302_audio15.wav -> Tolong buat ceklis persiapan umroh termasuk barang wajib di bawah.
2504.4s 186 [57.8s] 2302_audio17.wav -> Menurut kamu, belajar bahasa Arab itu susah nggak untuk pemula?
2562.2s 187 [57.8s] 2303_audio01.wav -> Aku mau book flight ke Jeddah minggu depan bisa bantu schedule
2619.4s 188 [57.2s] 2303_audio02.wav -> Aku butuh travel umrah simple tapi include Madinah visit.
2677.3s 189 [57.9s] 2303_audio03.wav -> can you help me arrange transport dari jeddah ke madinah tomorrow
2735.2s 190 [57.9s] 2303_audio04.wav -> Explain step by step cara apply visa Saudi dengan benar.
2795.7s 191 [60.5s] 2303_audio05.wav -> ya akhi uri dubuk fraik ila jaddah al usbu'an al qadim hal bisa bantu ajidah afdol skedol warih latan mubasyirah
2853.9s 192 [58.2s] 2303_audio06.wav -> uridu orange transport min jeddah ilah madinah hadan
2911.9s 193 [58.0s] 2303_audio07.wav -> book flight ke jeddah lalu lanjut ke madinah schedule terbaik kapan
2969.9s 194 [58.0s] 2303_audio13.wav -> Jelaskan step by step cara booking flight ke Jeddah secara online.
3027.8s 195 [57.9s] 2303_audio15.wav -> Tolong buat checklist persiapan umrah termasuk barang wajib dibawah
3085.5s 196 [57.7s] 2303_audio19.wav -> Ahyanan, saya bingung mulai dari mana untuk umrah.
3143.9s 197 [58.4s] 2304_audio01.wav -> Aku mau book flight ke jedah minggu depan. Bisa bantu schedule?
3201.7s 198 [57.9s] 2304_audio02.wav -> Aku butuh travel umroh simple, tapi include Madinah visit.
3259.4s 199 [57.6s] 2304_audio03.wav -> Can you help aku arrange transport dari Jeddah ke Madinah tomorrow?
3316.7s 200 [57.3s] 2304_audio04.wav -> Explain step by step cara apply visa Saudi dengan benar.
3376.9s 201 [60.3s] 2304_audio05.wav -> Ya akhi, uri dubuk flight ila jiddah al-usbu al-qadim, hal bisa bantu ajidah afdal schedule warih latanmu bashiroh.
3434.5s 202 [57.6s] 2304_audio06.wav -> Uridu Arrange Transport min Jeddah ila Madinah Khoden
3492.4s 203 [57.9s] 2304_audio07.wav -> Book flight ke Jeddah lanjut ke Madinah, schedule terbaik kapan?
3549.8s 204 [57.4s] 2304_audio11.wav -> Kenapa fasting di Ramadan itu wajib bagi muslim?
3607.8s 205 [58.0s] 2304_audio15.wav -> Tolong buat checklist persiapan umroh termasuk barang wajib di bawah.
3665.6s 206 [57.8s] 2304_audio18.wav -> I feel overwhelmed dengan persiapan umroh. Ada tips sederhana?
3723.5s 207 [57.9s] 2305_audio01.wav -> Aku mau book flight ke jedah minggu depan bisa bantu schedule
3781.0s 208 [57.4s] 2305_audio02.wav -> Aku butuh travel umrah simple tapi include Madinah visit.
3838.8s 209 [57.8s] 2305_audio03.wav -> can you help aku arrange transport dari jeddah ke madinah to morrow
3897.0s 210 [58.2s] 2305_audio04.wav -> Explain step by step cara apply visa Saudi dengan benar
3957.4s 211 [60.4s] 2305_audio05.wav -> ya akhi uridu book flight ila jeddah al usbu al qadim hal bisa bantu ajidah aftal skejul warih latan mubashirah
4015.7s 212 [58.4s] 2305_audio06.wav -> u ridhu arrange transport min jeddah ila madinah wadan
4073.7s 213 [58.0s] 2305_audio11.wav -> Kenapa fasting di Ramadan itu wajib bagi muslim?
4131.4s 214 [57.7s] 2305_audio12.wav -> Bagaimana proses visa Saudi untuk umrah dari Indonesia sekarang?
4189.0s 215 [57.6s] 2305_audio14.wav -> How to prepare dokumen umrah dari Indonesia dengan benar
4247.4s 216 [58.4s] 2305_audio18.wav -> I feel overwhelmed dengan persiapan umrah ada tips sederhana
4305.1s 217 [57.7s] 2306_Audio01.wav -> Aku mau book flight ke Jeddah minggu depan, bisa bantu schedule?
4362.5s 218 [57.4s] 2306_Audio02.wav -> Aku butuh travel umur simple tapi include Madinah visit.
4420.9s 219 [58.4s] 2306_Audio03.wav -> Can you help? Aku alrits transport dari Jabodah ke Madinah tomorrow.
4478.9s 220 [58.0s] 2306_Audio04.wav -> Explore step by step cara apply visa Saudi dengan benar
4539.5s 221 [60.6s] 2306_Audio05.wav -> Ya akhi, uridu, buku laik ila jidda, al-usbu, al-qadim, hal bisibantu ajidda afdal skicul wari latat mubasyurah.
4597.7s 222 [58.2s] 2306_Audio06.wav -> Uridu Restoransport menciptah ila Madinah Gaden
4655.5s 223 [57.8s] 2306_Audio11.wav -> Kenapa fasting di Ramadan itu wajib bagi muslim?
4712.8s 224 [57.3s] 2306_Audio12.wav -> Bagaimana proses visa Saudi untuk umrah dari Indonesia sekarang?
4770.7s 225 [57.9s] 2306_Audio13.wav -> Jelaskan step by step cara booking flight ke jendela secara online.
4828.4s 226 [57.7s] 2306_Audio14.wav -> How to prepare dokumen umroh dari Indonesia dengan benar
4886.8s 227 [58.4s] 2306_Audio15.wav -> Tolong buat checklist persiapan umrah termasuk barang wajib dibawa.
4944.5s 228 [57.7s] 2307_audio01.wav -> Aku mau book flight ke Jeddah minggu depan. Bisa bantu schedule?
5002.4s 229 [57.9s] 2307_audio02.wav -> Aku butuh travel omrah, simple, tapi include Madinah visit.
5060.3s 230 [57.9s] 2307_audio03.wav -> Can you help aku arrange transport dari Jeddah ke Madinah tomorrow?
5117.6s 231 [57.3s] 2307_audio04.wav -> Explain step by step cara apply visa Saudi dengan benar.
5177.7s 232 [60.2s] 2307_audio05.wav -> Ya aki, uridu buk flight ila jaddah al-usbu al-qadim. Hal bisa bantu, ajid afdal, skejul warih watan, mubasyir watan.
5235.7s 233 [57.9s] 2307_audio06.wav -> Uridu Arrange Transport Min Jeddah Ila Madinah Khadan
5293.7s 234 [58.0s] 2307_audio07.wav -> Book flight ke Jeddah, lalu lanjut ke Madinah. Schedule terbaik, kapan?
5351.0s 235 [57.3s] 2307_audio10.wav -> Apa perbedaan umrah dan haji secara detail dalam Islam?
5409.7s 236 [58.7s] 2307_audio15.wav -> Tolong buat checklist persiapan umroh termasuk barang wajib di bawah.
5468.3s 237 [58.6s] 2307_audio17.wav -> Menurut kamu belajar bahasa Arab itu susah nggak untuk pemula?
5526.4s 238 [58.0s] 2308_audio01.wav -> Aku mau book flight ke jedah minggu depan. Bisa bantu schedule?
5583.9s 239 [57.6s] 2308_audio02.wav -> Aku butuh travel umroh simple tapi input Madinah visit.
5641.9s 240 [58.0s] 2308_audio03.wav -> Can you help aku arrange transport dari Jeddah ke Madinah tomorrow?
5699.0s 241 [57.1s] 2308_audio04.wav -> Explain step by step cara apply visa Saudi dengan benar.
5759.0s 242 [60.0s] 2308_audio05.wav -> Ya Akhi, uridu bukflaik ila jedah al-usbu' al-qadim, hal bisa bantu ajida afdol skejul warih latan mubashiroh?
5816.5s 243 [57.5s] 2308_audio06.wav -> Uridu arrange transport min jedah ila Madinah Wadan.
5874.1s 244 [57.6s] 2308_audio12.wav -> Bagaimana proses visa Saudi untuk umroh dari Indonesia sekarang?
5932.4s 245 [58.3s] 2308_audio13.wav -> Jelaskan step by step cara booking flight ke Jeddah secara online.
5990.5s 246 [58.1s] 2308_audio15.wav -> Tolong buat checklist persiapan umroh termasuk barang wajib di bawah.
6048.1s 247 [57.7s] 2308_audio17.wav -> Menurut kamu, belajar bahasa Arab itu susah nggak untuk pemula?
6105.8s 248 [57.6s] 2309_audio01.wav -> Aku mau book flight ke Jeddah minggu depan. Bisa bantu schedule.
6163.5s 249 [57.8s] 2309_audio02.wav -> Aku butuh travel umrah simple tapi include Madinah visit.
6222.1s 250 [58.6s] 2309_audio03.wav -> Can you help aku arrange transport dari Jeddah ke Madinah tomorrow?
6280.0s 251 [57.9s] 2309_audio04.wav -> Explain step by step cara apply visa Saudi dengan benar
6340.2s 252 [60.2s] 2309_audio05.wav -> Ya akhi, uridu Bukvlaik ila jadda al-usbu'al qadim. Hal bisa bantu ajidda afdal skajul wa rihlata mubashirah?
6397.9s 253 [57.7s] 2309_audio06.wav -> Uridu arranged transport min ceddah ila Madinah hodan
6455.5s 254 [57.7s] 2309_audio08.wav -> Uridu schedule trip dari Jeddah ke Mekah besok pagi.
6513.2s 255 [57.7s] 2309_audio12.wav -> Bagaimana proses visa Saudi untuk umroh dari Indonesia sekarang?
6571.3s 256 [58.1s] 2309_audio15.wav -> Tolong buat checklist persiapan umroh termasuk barang wajib dibawa.
6629.0s 257 [57.7s] 2309_audio17.wav -> Menurut kamu belajar bahasa Arab itu susah gak untuk pemula?
6686.8s 258 [57.8s] 2310_Audio01.wav -> Aku mau book flight ke Jeddah minggu depan. Bisa bantu schedule?
6744.2s 259 [57.4s] 2310_Audio02.wav -> Aku butuh travel umrah simple, tapi include Madinah visit.
6801.8s 260 [57.6s] 2310_Audio03.wav -> Can you help aku arrange transport dari Jeddah ke Madinah tomorrow?
6859.0s 261 [57.2s] 2310_Audio04.wav -> Explain step by step cara apply visa Saudi dengan benar.
6919.2s 262 [60.2s] 2310_Audio05.wav -> Ya akhi, uridu bukflag ila jedah al-usbu'al qadim hal bisa bantu ajidah afdal skejul warih latan mubashiroh?
6977.3s 263 [58.1s] 2310_Audio06.wav -> Puridu Arrange Transport menjedah ila Madinah Wadan
7036.0s 264 [58.6s] 2310_Audio07.wav -> Book flight ke Jeddah lalu lanjut ke Madinah. Schedule terbaik kapan?
7093.5s 265 [57.6s] 2310_Audio11.wav -> Kenapa fasting di Ramadan itu wajib bagi muslim?
7150.7s 266 [57.2s] 2310_Audio14.wav -> How to prepare dokumen umroh dari Indonesia dengan benar
7208.6s 267 [57.8s] 2310_Audio20.wav -> Saya ingin pergi ke Mecca minggu depan.
7266.3s 268 [57.8s] 2311_audio01.wav -> Aku mau book flight ke jodoh minggu depan, bisa bantu schedule?
7324.1s 269 [57.8s] 2311_audio02.wav -> Aku butuh travel umroh simple, tapi include Madinah visit.
7382.0s 270 [57.9s] 2311_audio03.wav -> Can you help aku arrange transport dari Jeddah ke Madinah Temuruh?
7439.3s 271 [57.2s] 2311_audio04.wav -> Explain step by step cara apply visa Saudi dengan benar
7499.4s 272 [60.1s] 2311_audio05.wav -> Ya akhi, urinu bukflai ilajetah al-usbu'al qadim. Hal bisa bantu adidah afdal skajul warih latanmu, Bashirah?
7557.6s 273 [58.3s] 2311_audio06.wav -> Turidu Arranged Transport Min Jeddah Ila Madinah Ghadan
7615.6s 274 [58.0s] 2311_audio09.wav -> Mungkin buk transport min makkah ila madina untuk besok.
7673.2s 275 [57.5s] 2311_audio12.wav -> Bagaimana proses visa Saudi untuk umrah dari Indonesia sekarang?
7730.4s 276 [57.2s] 2311_audio14.wav -> How to prepare dokumen umroh dari Indonesia dengan benar
7788.1s 277 [57.7s] 2311_audio17.wav -> Menurut kamu belajar bahasa Arab itu susah nggak untuk pemula?
7845.8s 278 [57.7s] 2312_audio1.wav -> Aku mau book flight ke Jeddah minggu depan, bisa bantu schedule?
7903.1s 279 [57.3s] 2312_audio11.wav -> Kenapa fasting di Ramadan itu wajib bagi muslim?
7961.8s 280 [58.6s] 2312_audio15.wav -> Tolong buat checklist persiapan umrah termasuk barang wajib di bawah.
8020.2s 281 [58.4s] 2312_audio19.wav -> Ah yanan saya bingung mulai dari mana untuk umrah
8078.9s 282 [58.8s] 2312_audio2.wav -> Aku butuh travel umrah simple tapi ikut Madinah visit.
8137.7s 283 [58.8s] 2312_audio20.wav -> translate ke english aku mau pergi ke makkah minggu depan
8195.8s 284 [58.1s] 2312_audio3.wav -> can you help aku arrange transport dari jeddah ke madinah tomorrow
8253.2s 285 [57.4s] 2312_audio4.wav -> Explain step by step cara apply visa Saudi dengan benar.
8312.8s 286 [59.6s] 2312_audio5.wav -> ya akhi uridu buk flaik ila jeddah al usbu'un lqadim hal bisa bantu aji da abdal skedul warih latan mubasyirah
8370.3s 287 [57.5s] 2312_audio6.wav -> Uridu arrange transport min jeddah ila madinah qadan
8428.4s 288 [58.1s] 2312_audio7.wav -> Book flight ke Jeddah lalu lanjut ke Madinah, skedul terbaik kapan?
8486.2s 289 [57.8s] 2313_audio01.wav -> Aku mau book flight ke Jeddah minggu depan. Bisa bantu schedule.
8543.8s 290 [57.6s] 2313_audio02.wav -> aku butuh travel umrah simple tapi include Madinah visit
8601.4s 291 [57.6s] 2313_audio03.wav -> Can you help aku arrange transport dari Jeddah ke Madinah tomorrow?
8659.0s 292 [57.6s] 2313_audio04.wav -> Explain step by step cara apply visa Saudi dengan benar.
8718.7s 293 [59.6s] 2313_audio05.wav -> Al-Qadim, hal bisa bantu Ajidah, Afdal, Skejul, Wahri Latan, Mubashirah.
8777.3s 294 [58.6s] 2313_audio06.wav -> uridu rej transport min jaddah ilah madinah gaddan
8835.5s 295 [58.2s] 2313_audio07.wav -> book flight ke Jeddah lalu lanjut ke Madinah schedule terbaik kapan
8893.0s 296 [57.5s] 2313_audio12.wav -> Bagaimana proses visa Saudi untuk umroh dari Indonesia sekarang?
8951.4s 297 [58.4s] 2313_audio13.wav -> Jelaskan step by step cara booking flight ke Jeddah secara online.
9010.7s 298 [59.3s] 2313_audio14.wav -> How to prepare dokumen umroh dari Indonesia dengan benar.
9069.9s 299 [59.2s] 2318_audio01.wav -> Aku mau book fly ke Jeddah minggu depan bisa bantu schedule
9128.3s 300 [58.4s] 2318_audio02.wav -> Aku butuh travel Umrah simple, tapi include Madinah visit.
9187.4s 301 [59.2s] 2318_audio03.wav -> Can you help? Aku arrange transport dari Jeddah ke Madinah, Temuruh.
9245.1s 302 [57.6s] 2318_audio04.wav -> Explain step by step cara apply Pisa Saudi dengan benar.
9304.8s 303 [59.7s] 2318_audio05.wav -> Ya ahi uridu buflaik ila jeddah al-usbu al-kalim hal bisa bantu ajidah afdal skedul warilfatan mubassirah
9362.8s 304 [58.0s] 2318_audio06.wav -> uridu arrange transport min jeddah illa madinah gadan
9420.9s 305 [58.1s] 2318_audio09.wav -> Mungkin book transport Min Makkah ila Madinah untuk besok.
9479.4s 306 [58.5s] 2318_audio10.wav -> Apa perbedaan umrah dan haji secara detail dalam Islam?
9538.3s 307 [58.8s] 2318_audio13.wav -> Jelaskan step by step cara booking flight ke Jeddah secara online
9596.0s 308 [57.8s] 2318_audio19.wav -> Akhianan saya bingung mulai dari mana untuk umrah.
9654.3s 309 [58.2s] 2319_Audio1.wav -> Aku mau book fly ke jendah minggu depan, bisa bantu schedule?
9712.5s 310 [58.3s] 2319_Audio10.wav -> Apa perbedaan umroh dan hajj sejarah detail dalam Islam?
9770.8s 311 [58.2s] 2319_Audio13.wav -> Jelaskan step by step cara booking flight ke jeddah secara online.
9829.3s 312 [58.5s] 2319_Audio16.wav -> Guide aku cara pilih hotel di Mekah dekat Haram dengan budget terbatas.
9887.1s 313 [57.8s] 2319_Audio19.wav -> Ah yanan saya bingung mulai dari mana untuk umroh.
9944.5s 314 [57.4s] 2319_Audio2.wav -> Aku butuh travel umrah simple tapi include Madinah visit.
10002.5s 315 [58.0s] 2319_Audio3.wav -> Can you help aku arrange transport dari Jeddah ke Bandidah tomorrow?
10060.4s 316 [57.9s] 2319_Audio4.wav -> Explain step by step cara apply visa Saudi dengan benar
10121.4s 317 [60.9s] 2319_Audio5.wav -> Ya akhi, uridu bukflay ila jadda al-usbu'al qadim. Hal bisa bantu adida afdha siyadul warilata mubashirah?
10179.7s 318 [58.4s] 2319_Audio6.wav -> Uri du arrange transport min jeddah ila Madinah Wadan
10238.5s 319 [58.7s] 2323_audio01.wav -> Aku mau book flight ke jadah minggu depan. Bisa bantu schedule?
10296.6s 320 [58.2s] 2323_audio02.wav -> Aku butuh travel umrah, simple, tapi include Madinah Fisik.
10354.9s 321 [58.2s] 2323_audio03.wav -> Can you help aku arrange transport dari Jeddah ke Madinah tomorrow?
10412.7s 322 [57.8s] 2323_audio04.wav -> Explain step by step cara apply visa Saudi dengan benar.
10473.1s 323 [60.4s] 2323_audio05.wav -> yaa akhi uridu bookfly ila jaddah al usbu al qadhim hal bisa bantu ajida afdal skidul wa rehlatan mubasirah
10531.3s 324 [58.2s] 2323_audio06.wav -> Uri do arranged transport min jeddah ila Madinah Khaden.
10589.1s 325 [57.8s] 2323_audio13.wav -> Jelaskan step by step cara booking flight ke Jeddah secara online.
10646.4s 326 [57.4s] 2323_audio14.wav -> How to prepare dokumen umrah dari Indonesia dengan benar
10704.6s 327 [58.1s] 2323_audio15.wav -> Tolong buat checklist persiapan umrah termasuk barang wajib dibawa.
10762.7s 328 [58.1s] 2323_audio16.wav -> Guide aku cara pilih hotel di Makkah dekat haram dengan budget terbatas.
10820.2s 329 [57.5s] 2323_audio18.wav -> I feel overwhelmed dengan persiapan umrah. Ada tips sederhana.
10877.8s 330 [57.6s] 2325_audio1.wav -> Aku mau book flight ke Jeddah minggu depan bisa bantu schedule.
10935.6s 331 [57.8s] 2325_audio10.wav -> I feel overwhelmed dengan persiapan umrah. Ada tips sederhana.
10992.9s 332 [57.4s] 2325_audio2.wav -> Aku butuh travel, umrah simple, tapi inklud madinah visit.
11050.9s 333 [57.9s] 2325_audio3.wav -> Can you help? Aku arrange transport dari Jeddah ke Marina Tomorrow.
11108.1s 334 [57.3s] 2325_audio4.wav -> Explain step by step cara apply visa Saudi dengan benar.
11168.6s 335 [60.4s] 2325_audio5.wav -> Ya akhi, uridu buk flag ila jidda al-usbu'a al-qadim. Hal bisa bantu ajidda afdol skajul warikhletan mubashyrah?
11226.3s 336 [57.8s] 2325_audio6.wav -> Uri du orange transport menjedah ila Madinah Qadan.
11285.1s 337 [58.8s] 2325_audio7.wav -> buk fly ke jeddah lalu lanjut ke madinah schedule terbaik kapan
11343.0s 338 [57.9s] 2325_audio8.wav -> Apa perbedaan umrah dan hajj secara detail dalam Islam?
11402.5s 339 [59.5s] 2325_audio9.wav -> How to prepare dokumen umrah dari Indonesia dengan benar
11461.9s 340 [59.4s] 2326_audio01.wav -> Aku mau book flight ke Jeddah minggu depan, bisa bantu schedule?
11521.1s 341 [59.2s] 2326_audio02.wav -> aku butuh travel umrah simple tapi include madina visit
11580.4s 342 [59.3s] 2326_audio03.wav -> can you help aku arrange transport dari jeddah ke madinah to morrow
11637.9s 343 [57.5s] 2326_audio04.wav -> Explain step by step cara apply visa Saudi dengan benar
11697.6s 344 [59.6s] 2326_audio05.wav -> ya akhi uridu buk flaik ila jiddah al usbu al qadim hal bisa bantu ajidah afdal skidul warihlatan mubasyrah
11755.3s 345 [57.7s] 2326_audio06.wav -> uridu ren stangspot min jeddah ila madinah ghodan
11813.3s 346 [58.0s] 2326_audio07.wav -> Book flight ke Jeddah lalu lanjut ke Madinah, schedule terbaik kapan?
11870.7s 347 [57.4s] 2326_audio11.wav -> Kenapa fasting di Ramadan itu wajib bagi muslim
11928.4s 348 [57.7s] 2326_audio13.wav -> Jelaskan step by step cara booking flight kecedah secara online.
11986.1s 349 [57.7s] 2326_audio17.wav -> Menurut kamu belajar bahasa Arab itu susah gak untuk pemula?
12045.0s 350 [58.9s] 2330_audio01.wav -> Aku mau book flight ke Jeddah minggu depan, bisa bantu schedule?
12102.7s 351 [57.7s] 2330_audio02.wav -> Aku butuh travel umrah simple tapi include Madinah visit.
12160.5s 352 [57.8s] 2330_audio03.wav -> Can you help? Aku arrange transport dari Jeddah ke Madinah tomorrow.
12218.5s 353 [58.0s] 2330_audio04.wav -> Explain step by step cara apply visa Saudi dengan benar.
12279.3s 354 [60.8s] 2330_audio05.wav -> Ya Akhi, Uridu, Bukflaik, Ila Jeddah, Al-Usbu, Al-Qadim Hal bisa bantu Ajidah, Afdal, Skejul, Warilatan, Mubasyuroh
12337.2s 355 [57.9s] 2330_audio06.wav -> Uridu arrange transport min jeddah illa Madinah Gadan.
12396.2s 356 [59.0s] 2330_audio07.wav -> Buk flag ke jedah lalu lanjut ke Madinah. Schedule terbaik kapan?
12453.9s 357 [57.7s] 2330_audio12.wav -> Bagaimana proses visa Saudi untuk umroh dari Indonesia sekarang?
12511.6s 358 [57.7s] 2330_audio14.wav -> How to prepare dokumen umroh dari Indonesia dengan benar
12570.1s 359 [58.6s] 2330_audio15.wav -> Tolong buat checklist persiapan umroh termasuk barang wajib dibawa.
12629.0s 360 [58.9s] 2330_audio17.wav -> Menurut kamu belajar bahasa Arab itu susah nggak untuk pemula?
12687.4s 361 [58.4s] 2331_audio01.wav -> Aku mau book flight ke jedah minggu depan, bisa bantu schedule.
12745.7s 362 [58.3s] 2331_audio02.wav -> Aku butuh travel umrah simple, tapi include Madinah visit.
12804.6s 363 [59.0s] 2331_audio03.wav -> Can you help aku arrange transport dari Jeddah ke Madinah tomorrow?
12862.7s 364 [58.0s] 2331_audio04.wav -> Explain step by step cara apply visa Saudi dengan benar.
12923.1s 365 [60.4s] 2331_audio05.wav -> Ya ahi, uridu buk flight ilajadah al-usbu al-qadim. Hal bisa bantu ajidah afdal skajul warilatan mubashirah?
12981.2s 366 [58.2s] 2331_audio06.wav -> Uridu Range Transport menzedah ila Madinah Gadan.
13039.9s 367 [58.7s] 2331_audio10.wav -> Apa perbedaan umroh dan haji secara detail dalam Islam?
13098.5s 368 [58.6s] 2331_audio12.wav -> Bagaimana proses visa Saudi untuk umrah dari Indonesia sekarang?
13158.0s 369 [59.6s] 2331_audio15.wav -> Tolong buat checklist persiapan umrah termasuk barang wajib di bawah.
13216.5s 370 [58.5s] 2331_audio17.wav -> Menurut kamu, belajar bahasa Arab itu susah gak untuk pemula?
13275.4s 371 [58.9s] 2332_audio01.wav -> aku mau book flight ke jedah minggu depan bisa bantu schedule
13333.4s 372 [58.0s] 2332_audio02.wav -> aku butuh travel umrah simple tapi include madinah visit
13391.4s 373 [58.0s] 2332_audio03.wav -> can you help aku arrange transport dari jeddah ke madinah tomorrow
13448.9s 374 [57.4s] 2332_audio04.wav -> Explain step by step cara apply visa Saudi dengan benar.
13509.0s 375 [60.2s] 2332_audio05.wav -> Ya akhi, uridu book flight ila jedah al-usbu'al kadim hal bisa bantu ajda afdal skedul warih latan mubashirah.
13567.4s 376 [58.4s] 2332_audio06.wav -> Uridu arranged transport min Jeddah ila Madinah Gadan
13625.9s 377 [58.5s] 2332_audio07.wav -> book flight ke jeddah lalu lanjut ke madinah skedul terbaik kapan
13685.5s 378 [59.5s] 2332_audio13.wav -> Jelaskan step by step cara booking flight ke Jeddah secara online.
13744.8s 379 [59.4s] 2332_audio16.wav -> Guide aku cara pilih hotel di Makkah dekat haram dengan budget terbatas.
13803.1s 380 [58.2s] 2332_audio18.wav -> I feel overwhelmed dengan persiapan umrah ada tips sederhana
13862.8s 381 [59.7s] 2333_audio01.wav -> Aku mau book fight ke jedah minggu depan. Bisa bantu schedule?
13922.8s 382 [60.0s] 2333_audio02.wav -> Aku butuh travel umroh simple tapi include Madinah visit.
13982.1s 383 [59.3s] 2333_audio03.wav -> can you help aku arrange transport dari jeddah ke madinah tomoro
14040.8s 384 [58.7s] 2333_audio04.wav -> Explain step by step cara apply visa Saudi dengan benar.
14102.9s 385 [62.1s] 2333_audio05.wav -> Ya akhi, uridu bukfaik ila jedah al-usbu' al-qadim. Hal bisa bantu ajidah afdal skedul wa rihlatan mubashirah.
14161.2s 386 [58.4s] 2333_audio06.wav -> Oridu arrange transport minjedah ila Madinah, Ghodan.
14220.4s 387 [59.2s] 2333_audio07.wav -> Book flight ke Jeddah lalu lanjut ke Madinah. Schedule terbaik kapan?
14278.8s 388 [58.4s] 2333_audio09.wav -> Mungkin buk transport min Makkah ila Madinah untuk besok
14337.7s 389 [58.9s] 2333_audio17.wav -> Menurut kamu belajar bahasa Arab itu susah nggak untuk pemula?
14395.6s 390 [58.0s] 2334_audio01.wav -> Aku mau book flight ke Jeddah minggu depan. Bisa bantu schedule?
14453.5s 391 [57.8s] 2334_audio02.wav -> Aku butuh travel umroh, simple, tapi include Madinah visit.
14511.3s 392 [57.8s] 2334_audio03.wav -> Can you help aku arrange transport dari Jeddah ke Madinah tomorrow?
14569.2s 393 [58.0s] 2334_audio04.wav -> Explain step by step cara apply visa Saudi dengan benar.
14629.7s 394 [60.5s] 2334_audio05.wav -> Ya ahli, uridu buk flaik ila jeddah al-usbu al-qadim hal bisa bantu ajidah afbal skejul warih latan mubashroh?
14687.9s 395 [58.2s] 2334_audio06.wav -> Uridu arrange transport min jeddah ila Madinah Ghodan
14746.2s 396 [58.3s] 2334_audio07.wav -> Book flight ke Jeddah lalu lanjut ke Madinah, schedule terbaik kapan?
14803.7s 397 [57.5s] 2334_audio08.wav -> Bagaimana proses visa Saudi untuk umroh dari Indonesia sekarang?
14861.4s 398 [57.7s] 2334_audio09.wav -> How to prepare dokumen umroh dari Indonesia dengan benar
14919.5s 399 [58.1s] 2334_audio10.wav -> Menurut kamu, belajar bahasa Arab itu susah nggak untuk pemula?
14977.6s 400 [58.1s] 2335_audio01.wav -> Aku mau book flag ke Jeddah minggu depan. Bisa bantu schedule?
15035.2s 401 [57.6s] 2335_audio02.wav -> aku butuh travel umroh simple tapi include madinah visit
15093.2s 402 [58.0s] 2335_audio03.wav -> Can you help aku arrange transport dari Jeddah ke Madinah tomorrow?
15151.1s 403 [57.9s] 2335_audio04.wav -> Explain step by step cara apply visa Saudi dengan benar.
15211.0s 404 [60.0s] 2335_audio05.wav -> ya aqih uridu bukflay ilajiddah hal usbu'al qadeem hal bisa bantu ajidah afdal skedul warih latan mubashirah
15268.9s 405 [57.9s] 2335_audio06.wav -> Uridu arans transport min jadah ila Madinah Qodan.
15326.4s 406 [57.5s] 2335_audio12.wav -> Bagaimana proses visa Saudi untuk umrah dari Indonesia sekarang?
15384.1s 407 [57.7s] 2335_audio13.wav -> Jelaskan step by step cara booking flight ke Jeddah secara online.
15441.3s 408 [57.2s] 2335_audio14.wav -> How to prepare dokumen umrah dari Indonesia dengan benar.
15499.2s 409 [57.9s] 2335_audio15.wav -> Tolong buat checklist persiapan umrah termasuk barang wajib dibawa.
15557.1s 410 [57.9s] 2335_audio17.wav -> Menurut kamu, belajar bahasa Arab itu susah gak untuk pemula?
15615.1s 411 [58.0s] 2336_audio01.wav -> Aku mau book flight ke cerdah minggu depan bisa bantu schedule
15673.2s 412 [58.0s] 2336_audio02.wav -> Aku butuh travel umroh simple tapi include madinah visit
15731.2s 413 [58.0s] 2336_audio03.wav -> can you help aku arrange transport dari jeddah ke madinah tomorrow
15788.4s 414 [57.3s] 2336_audio04.wav -> Explain step by step cara apply visa Saudi dengan benar
15848.3s 415 [59.9s] 2336_audio05.wav -> ya akhi uridu book flight illa jiddah al usbu al qadim hal bisa bantu ajidah afdal skejul warih latan mubashyrah
15905.9s 416 [57.5s] 2336_audio06.wav -> uridu arrange transport min jeddah ila madinah gadan
15963.9s 417 [58.1s] 2336_audio07.wav -> Book flight ke Jeddah lalu lanjut ke Madinah schedule terbaik kapan
16021.5s 418 [57.6s] 2336_audio10.wav -> Apa perbedaan umroh dan hajj secara detail dalam Islam?
16079.5s 419 [58.0s] 2336_audio15.wav -> Tolong buat checklist persiapan umroh termasuk barang wajib dibawa
16137.4s 420 [57.9s] 2336_audio17.wav -> menurut kamu belajar bahasa Arab itu susah nggak untuk pemula
16195.3s 421 [57.8s] 2337_audio01.wav -> Aku mau book flight ke Jeddah minggu depan, bisa bantu schedule.
16252.9s 422 [57.6s] 2337_audio02.wav -> Aku butuh travel umroh simple tapi include Madinah visit.
16310.5s 423 [57.6s] 2337_audio03.wav -> Can you help aku arrange transport dari Jeddah ke Madinah tomorrow?
16367.9s 424 [57.4s] 2337_audio04.wav -> Explain step by step cara apply visa Saudi dengan benar.
16428.7s 425 [60.9s] 2337_audio05.wav -> Ya akhi, uridu, bukflaik, ila jeddah al-usbu al-qadim, hal bisa bantu, ajidah afdal, skejul warih latan mubashirah.
16486.3s 426 [57.6s] 2337_audio06.wav -> Uridu Arrange Transport Min Jeddah Ila Madinah Wadan
16544.5s 427 [58.2s] 2337_audio07.wav -> Book flight ke Jeddah lalu lanjut ke Madinah, schedule terbaik kapan?
16602.5s 428 [58.0s] 2337_audio13.wav -> Jelaskan step by step cara booking flight ke Jeddah secara online.
16660.1s 429 [57.6s] 2337_audio14.wav -> How to prepare dokumen umroh dari Indonesia dengan benar
16718.1s 430 [57.9s] 2337_audio18.wav -> I feel overwhelmed dengan persiapan umroh. Ada tips sederhana?
16719.3s 431 [1.3s] 2338_audio01.wav ->
16720.6s 432 [1.3s] 2338_audio02.wav ->
16721.9s 433 [1.3s] 2338_audio03.wav ->
16723.1s 434 [1.3s] 2338_audio04.wav ->
16724.4s 435 [1.3s] 2338_audio05.wav ->
16725.8s 436 [1.3s] 2338_audio06.wav ->
16727.1s 437 [1.3s] 2338_audio12.wav ->
16728.3s 438 [1.3s] 2338_audio13.wav ->
16729.6s 439 [1.3s] 2338_audio15.wav ->
16730.9s 440 [1.3s] 2338_audio17.wav ->
16732.2s 441 [1.3s] 2339_audio01.wav ->
16733.4s 442 [1.3s] 2339_audio02.wav ->
16734.7s 443 [1.3s] 2339_audio03.wav ->
16736.0s 444 [1.3s] 2339_audio04.wav ->
16737.3s 445 [1.3s] 2339_audio05.wav ->
16738.6s 446 [1.3s] 2339_audio06.wav ->
16739.8s 447 [1.3s] 2339_audio07.wav ->
16741.1s 448 [1.3s] 2339_audio11.wav ->
16742.4s 449 [1.3s] 2339_audio14.wav ->
16743.7s 450 [1.3s] 2339_audio19.wav ->
16801.6s 451 [57.9s] 233_audio16.wav -> Guide aku cara pilih hotel di Mekah dekat Haram dengan bajet terbatas.
16859.6s 452 [58.0s] 2341_audio01(1).wav -> Aku mau buku flight ke jedah minggu depan. Bisa bantu schedule?
16860.9s 453 [1.3s] 2341_audio01.wav ->
16918.9s 454 [58.0s] 2341_audio02(1).wav -> Aku butuh travel umrah simple, tapi ikut Madinah Fisip.
16920.1s 455 [1.3s] 2341_audio02.wav ->
16921.4s 456 [1.3s] 2341_audio03(1).wav ->
16979.2s 457 [57.7s] 2341_audio03.wav -> Can you help aku arrange transport dari Jeddah ke Madinah tomorrow?
17037.1s 458 [57.9s] 2341_audio04(1).wav -> Explain step by step cara apply visa Saudi dengan benar.
17038.3s 459 [1.3s] 2341_audio04.wav ->
17098.7s 460 [60.3s] 2341_audio05(1).wav -> Ya akhi, uridu book flight ila jadah al-usbu' al-qadim, hal bisa bantu ajadah afdal skijul warih latan mubashirwah?
17099.9s 461 [1.3s] 2341_audio05.wav ->
17101.2s 462 [1.3s] 2341_audio06(1).wav ->
17158.7s 463 [57.5s] 2341_audio06.wav -> Uridu Orange Transport menjedah ilama di Nahgadan
17216.8s 464 [58.1s] 2341_audio07(1).wav -> Book flight ke Jodah lalu lanjut ke Madinah, schedule terbaik kapan?
17218.1s 465 [1.3s] 2341_audio07.wav ->
17219.3s 466 [1.3s] 2341_audio08(1).wav ->
17277.6s 467 [58.2s] 2341_audio08.wav -> Bagaimana proses visa Saudi untuk umrah dari Indonesia sekarang?
17278.9s 468 [1.3s] 2341_audio09(1).wav ->
17336.6s 469 [57.7s] 2341_audio09.wav -> How to prepare dokumen umrah dari Indonesia dengan benar?
17395.8s 470 [59.2s] 2341_audio10(1).wav -> Menurut kamu, belajar bahasa Arab itu susah gak untuk pemula?
17397.1s 471 [1.3s] 2341_audio10.wav ->
17456.6s 472 [59.5s] 2342_audio01.wav -> Aku mau book flight ke Jeddah minggu depan bisa bantu schedule.
17515.4s 473 [58.8s] 2342_audio02.wav -> Aku butuh travel umroh, simple, tapi include Madinah visit.
17574.5s 474 [59.1s] 2342_audio03.wav -> Can you have a co-arrange transport dari Jeddah ke Madinah tomorrow?
17632.7s 475 [58.2s] 2342_audio04.wav -> Explain step by step cara apply visa Saudi dengan penat.
17693.0s 476 [60.2s] 2342_audio05.wav -> Ya akhi uridu wabukrai ila ajadda al-usbu'al qadim hal bisa bantu ajidah afdol skedul wa rihlatan mubashirah.
17751.6s 477 [58.6s] 2342_audio06.wav -> Uridu range transport min Jadda ila Madinah Khoden.
17811.1s 478 [59.6s] 2342_audio10.wav -> Apa perbedaan umroh dan hajj secara detail dalam Islam?
17869.4s 479 [58.2s] 2342_audio11.wav -> Kenapa fasting di Ramadan itu wajib bagi muslim?
17927.6s 480 [58.2s] 2342_audio14.wav -> How to prepare dokumen umroh dari Indonesia dengan benar
17985.6s 481 [58.0s] 2342_audio19.wav -> Ah yanan saya bingung mulai dari mana untuk umroh
18043.7s 482 [58.1s] 2343_audio1.wav -> Aku mau book flight ke Jeddah minggu depan, bisa bantu schedule?
18101.6s 483 [57.9s] 2343_audio12.wav -> Bagaimana proses visa Saudi untuk umrah dari Indonesia sekarang?
18159.0s 484 [57.4s] 2343_audio14.wav -> How to prepare dokumen umrah dari Indonesia dengan benar?
18217.1s 485 [58.2s] 2343_audio16.wav -> guide aku cara pilih hotel di Mekah dekat haram dengan budget terbatas
18275.2s 486 [58.0s] 2343_audio18.wav -> I will overhand dengan persiapan umroh ada tips sederhana
18332.7s 487 [57.5s] 2343_audio2.wav -> Aku butuh travel umrah simple tapi include Madinah visit.
18390.9s 488 [58.2s] 2343_audio3.wav -> Can you help aku arrange transport dari Jeddah ke Bandinah to-morrow?
18448.4s 489 [57.5s] 2343_audio4.wav -> Explain step by step cara apply visa Saudi dengan benar.
18508.5s 490 [60.1s] 2343_audio5.wav -> Ya akhi, uri dubuk flag ila jeddah usbuk al-qadim hal bisa bantu ajidah afdal skedul warih latan musibaroh.
18566.6s 491 [58.1s] 2343_audio6.wav -> Uridu red transport minjedah ilah madinah godon
18625.4s 492 [58.8s] 2344_audio1.m4a.wav -> Aku mau book flight ke jedah minggu depan. Bisa bantu schedule?
18683.5s 493 [58.1s] 2344_audio10.m4a.wav -> Apa perbedaan umroh dan haji secara detail dalam Islam?
18741.4s 494 [57.9s] 2344_audio13.wav -> Jelaskan step by step cara booking flight ke jedah secara online.
18800.3s 495 [58.9s] 2344_audio17.wav -> Menurut kamu, belajar bahasa Arab itu susah gak untuk pemula?
18860.4s 496 [60.1s] 2344_audio2.m4a.wav -> Aku butuh travel umroh simple, tapi ikut Madinah visit.
18918.4s 497 [58.0s] 2344_audio20.m4a.wav -> Translate ke English, aku mau pergi ke Mekah minggu depan.
18976.0s 498 [57.6s] 2344_audio3.m4a.wav -> Can you help aku arrange transport dari Jeddah ke Madinah tomorrow?
19033.4s 499 [57.3s] 2344_audio4.wav -> Explain step by step cara apply visa Saudi dengan benar.
19093.2s 500 [59.9s] 2344_audio5.m4a.wav -> Ya akhi, uri dubuk flight ila jedah al-usbu'al qadim, hal bisa bantu ajidah afdal skedul warih latan mubashirah?
19151.2s 501 [58.0s] 2344_audio6.m4a.wav -> Uri do arrange transport min jeddah ila Madinah Gadan
19208.8s 502 [57.6s] 2345_audio01.wav -> Aku mau book flight ke Jeddah minggu depan, bisa bantu schedule?
19266.2s 503 [57.4s] 2345_audio02.wav -> Aku butuh travel umrah simple tapi input Madinah visit.
19323.6s 504 [57.5s] 2345_audio03.wav -> Can you help aku arrange transport dari Jeddah ke Madinah tomorrow?
19380.9s 505 [57.2s] 2345_audio04.wav -> Explain step by step cara apply visa Saudi dengan benar.
19441.0s 506 [60.2s] 2345_audio05.wav -> Ya akhi, uridu buktai ila jeddah al-usbu' al-qadim. Hal bisa bantu ajidah afdol skejul warihlatan mubashiroh?
19499.0s 507 [58.0s] 2345_audio06.wav -> Uri du arrange transport min jeddah ila Madinah Godan.
19557.1s 508 [58.0s] 2345_audio07.wav -> Book flight ke Jeddah lalu lanjut ke Madinah, schedule terbaik kapan?
19614.5s 509 [57.5s] 2345_audio08.wav -> Apa perbedaan umroh dan haji secara detail dalam Islam?
19672.2s 510 [57.7s] 2345_audio09.wav -> Kenapa festing di Ramadan itu wajib bagi muslim?
19730.0s 511 [57.8s] 2345_audio10.wav -> Bagaimana proses visa Saudi untuk umroh dari Indonesia sekarang?
19787.8s 512 [57.8s] 2345_audio11.wav -> Jelaskan step by step cara booking flight ke jeddah secara online.
19845.2s 513 [57.4s] 2345_audio12.wav -> How to prepare dokumen umroh dari Indonesia dengan benar?
19903.6s 514 [58.4s] 2345_audio13.wav -> Tolong buat checklist persiapan umroh termasuk barang wajib dibawa.
19961.5s 515 [57.9s] 2345_audio14.wav -> Menurut kamu, belajar bahasa Arab itu susah gak untuk pemula?
20019.5s 516 [57.9s] 2345_audio15.wav -> Ah ya Anan, saya bingung mulai dari mana untuk Umrah.
20020.7s 517 [1.3s] 2347_audio1.wav ->
20022.0s 518 [1.3s] 2347_audio11.wav ->
20023.2s 519 [1.3s] 2347_audio14.wav ->
20024.5s 520 [1.3s] 2347_audio17.wav ->
20025.8s 521 [1.3s] 2347_audio2.wav ->
20027.1s 522 [1.3s] 2347_audio3.wav ->
20028.4s 523 [1.3s] 2347_audio4.wav ->
20029.7s 524 [1.3s] 2347_audio5.wav ->
20031.0s 525 [1.3s] 2347_audio6.wav ->
20032.2s 526 [1.3s] 2347_audio7.wav ->
20090.1s 527 [57.9s] 2348_audio01.wav -> aku mau buk flight gadget dah minggu depan bisa bantu schedule
20147.7s 528 [57.6s] 2348_audio02.wav -> Aku butuh travel umrah simple tapi include Madinah visit.
20205.4s 529 [57.7s] 2348_audio03.wav -> can you help aku arrange transport dari jeddah ke madinah to morrow
20263.0s 530 [57.5s] 2348_audio04.wav -> Explain step by step cara apply visa Saudi dengan benar
20323.3s 531 [60.3s] 2348_audio05.wav -> ya akhi uridu buk flight ila jiddah al usbu'al qadim hal bisa bantu ajidah afdal skiajul wa rihlatan mubashirah
20381.2s 532 [57.9s] 2348_audio06.wav -> uridu arrange transport menjerdah ilah madinah ghadan
20439.9s 533 [58.7s] 2348_audio07.wav -> Book flight ke Jeddah lalu lanjut ke Madinah. Schedule terbaik kapan?
20497.4s 534 [57.5s] 2348_audio12.wav -> Bagaimana proses visa Saudi untuk umrah dari Indonesia sekarang?
20555.4s 535 [58.0s] 2348_audio13.wav -> Jelaskan step by step cara booking flight ke Jeddah secara online.
20612.9s 536 [57.5s] 2348_audio14.wav -> How to prepare dokumen umroh dari Indonesia dengan benar
20670.9s 537 [57.9s] 2351_audio01.wav -> Aku mau book flight ke Jeddah minggu depan. Bisa bantu schedule?
20728.5s 538 [57.6s] 2351_audio02.wav -> Aku butuh travel umrah, simple, tapi include Madinah visit.
20786.3s 539 [57.9s] 2351_audio03.wav -> can you help aku arrange transport dari ceta ke madinah to morrow
20843.7s 540 [57.4s] 2351_audio04.wav -> Explain step by step cara apply visa Saudi dengan benar
20904.0s 541 [60.3s] 2351_audio05.wav -> Ya akhi, ulidu bukflaik ila jadda al-usbu'al qadim. Hal, bisa bantu ajidah afdol skedul warihlatan mubashirah.
20961.9s 542 [57.8s] 2351_audio06.wav -> Uridu arrange transport minjetta ila madinah khodan
21020.1s 543 [58.3s] 2351_audio07.wav -> Book flight ke Jeddah lalu lanjut ke Madinah. Schedule terbaik kapan?
21077.7s 544 [57.6s] 2351_audio11.wav -> Kenapa fasting di ramadhan itu wajib bagi muslim?
21135.1s 545 [57.4s] 2351_audio14.wav -> How to prepare dokumen umrah dari Indonesia dengan benar
21193.4s 546 [58.3s] 2351_audio16.wav -> guaid aku cara pilih hotel di makkah dekat haram dengan budget terbatas
21251.3s 547 [57.8s] 2355_audio01.wav -> Aku mau book flight ke Jeddah minggu depan, bisa bantu schedule.
21309.1s 548 [57.8s] 2355_audio02.wav -> Aku butuh travel umroh, simple, tapi include Madinah visit.
21366.8s 549 [57.8s] 2355_audio03.wav -> Can you help aku arrange transport dari Jeddah ke Madinah tomorrow?
21424.3s 550 [57.5s] 2355_audio04.wav -> Explain step by step cara apply visa Saudi dengan benar.
21484.6s 551 [60.3s] 2355_audio05.wav -> Ya akhi, huridu buk flaik ilajedah al-usbu'al qadim hal bisa bantu ajidah afdal skedul warih latan mubasirah
21543.2s 552 [58.6s] 2355_audio06.wav -> Uridu Range Transport menjedah ilah Madinah Gadan
21601.6s 553 [58.4s] 2355_audio07.wav -> buk flag ke jeddah lalu lanjut ke madinah schedule terbaik kapan
21659.2s 554 [57.6s] 2355_audio10.wav -> Apa perbedaan umrah dan haji secara detail dalam Islam?
21717.1s 555 [57.9s] 2355_audio13.wav -> Jelaskan step by step cara booking flag ke jedah secara online.
21775.0s 556 [57.9s] 2355_audio17.wav -> Menurut kamu, belajar bahasa Arab itu susah nggak untuk pemula?
21832.7s 557 [57.6s] 2356_audio01.wav -> Aku mau book flight ke jedah minggu depan bisa bantu schedule.
21890.1s 558 [57.4s] 2356_audio02.wav -> Aku butuh travel umrah simple tapi include Madinah visit.
21947.6s 559 [57.4s] 2356_audio03.wav -> Can you help aku arrange transport dari Jeddah ke Madinah tomorrow?
22004.7s 560 [57.1s] 2356_audio04.wav -> Explain step by step cara apply visa Saudi dengan benar.
22064.3s 561 [59.7s] 2356_audio05.wav -> ya akhi uridu buk flaik ila jeddah al usbu'al qadim hal bisa bantu ajidah afdol skedul wa rihlatan mubasyirah
22121.8s 562 [57.4s] 2356_audio06.wav -> uridu arrange transport min jedah ilah madinah gadan
22179.2s 563 [57.4s] 2356_audio10.wav -> Apa perbedaan umrah dan haji secara detail dalam Islam?
22237.0s 564 [57.9s] 2356_audio12.wav -> Bagaimana proses visa Saudi untuk umrah dari Indonesia sekarang?
22296.1s 565 [59.0s] 2356_audio13.wav -> Jelaskan step by step cara booking flight ke Jeddah secara online.
22355.9s 566 [59.8s] 2356_audio17.wav -> Menurut kamu belajar bahasa Arab itu susah gak untuk pemula?
22415.3s 567 [59.4s] 2357_audio01.wav -> Aku mau book flight ke Jeddah minggu depan. Bisa bantu schedule?
22473.5s 568 [58.2s] 2357_audio02.wav -> Aku butuh travel umroh simple tapi include Madinah visit.
22531.2s 569 [57.6s] 2357_audio03.wav -> Can you help aku arrange transport dari Jeddah ke Madinah tomorrow?
22588.9s 570 [57.5s] 2357_audio04.wav -> Explain step by step cara apply visa Saudi dengan benar.
22649.2s 571 [60.5s] 2357_audio05.wav -> Ya akhi, uridu bukflaik ila jeddah al-usbu' al-qadim hal bisa bantu ajidah afdol skejul warih latan mubasyiroh?
22707.2s 572 [58.1s] 2357_audio06.wav -> uridu rej transport min jeddah ila madinah godan
22766.5s 573 [59.2s] 2357_audio07.wav -> Book flight ke Jeddah lalu lanjut ke Madinah, schedule terbaik kapan?
22825.3s 574 [58.8s] 2357_audio12.wav -> Bagaimana proses visa Saudi untuk umroh dari Indonesia sekarang?
22884.1s 575 [58.9s] 2357_audio15.wav -> Tolong buat checklist persiapan umroh termasuk barang wajib dibawa.
22943.1s 576 [59.0s] 2357_audio17.wav -> Menurut kamu, belajar bahasa Arab itu susah gak untuk pemula?
23001.5s 577 [58.4s] 2358_audio01.wav -> Aku mau book flight ke jedah minggu depan bisa bantu schedule
23059.7s 578 [58.2s] 2358_audio02.wav -> Aku butuh travel umroh simple tapi include Madinah visit.
23117.8s 579 [58.1s] 2358_audio03.wav -> Can you help aku arrange transport dari Jeddah ke Madinah tomorrow?
23175.9s 580 [58.0s] 2358_audio04.wav -> Explain step by step cara apply visa Saudi dengan benar.
23236.6s 581 [60.8s] 2358_audio05.wav -> ya akhi uri dubuk flag ila jeddah al usbu al qadim hal bisa bantu ajidah afdal skedul warih latan mubashyrah
23295.3s 582 [58.7s] 2358_audio06.wav -> Uridu Range Transport min Jeddah ila Madinah Godon.
23354.2s 583 [58.9s] 2358_audio07.wav -> Book flight ke Jeddah lalu lanjut ke Madinah. Schedule terbaik kapan?
23413.0s 584 [58.7s] 2358_audio15.wav -> Tolong buat checklist persiapan umroh termasuk barang wajib dibawa.
23471.3s 585 [58.3s] 2358_audio16.wav -> Guide aku cara pilih hotel di Makkah dekat haram dengan budget terbatas.
23529.2s 586 [57.9s] 2358_audio17.wav -> Menurut kamu belajar bahasa Arab itu susah gak untuk pemula.
23587.8s 587 [58.6s] 2359_audio1.wav -> Aku mau book flight ke Jeddah minggu depan. Bisa bantu schedule?
23645.5s 588 [57.7s] 2359_audio12.wav -> Bagaimana proses visa Saudi untuk umrah dari Indonesia sekarang?
23703.3s 589 [57.8s] 2359_audio14.wav -> How to prepare dokumen umrah dari Indonesia dengan benar
23761.5s 590 [58.2s] 2359_audio17.wav -> Menurut kamu belajar bahasa Arab itu susah gak untuk pemula.
23818.6s 591 [57.1s] 2359_audio2.wav -> Aku butuh travel umrah simple tapi include Madinah visit.
23876.4s 592 [57.8s] 2359_audio3.wav -> Can you help aku arrange transport dari Jeddah ke Madinah tomorrow?
23934.6s 593 [58.2s] 2359_audio4.wav -> Explain step by step cara apply visa Saudi dengan benar.
23995.2s 594 [60.6s] 2359_audio5.wav -> Ya akhi, uridu buk flaik ila jadda al usbu al qadim. Hal bisa bantu ajida afdal skedul warih latam mubassirah?
24052.5s 595 [57.3s] 2359_audio6.wav -> Uri du arrange transport min jeddah ila madinah wadan.
24110.9s 596 [58.4s] 2359_audio7.wav -> Bookfly ke Jeddah lalu lanjut ke Madinah. Schedule terbaik kapan?
24169.2s 597 [58.3s] 2360_audio01.wav -> Aku mau book flight ke jedah minggu depan. Bisa bantu schedule?
24227.5s 598 [58.3s] 2360_audio02.wav -> Aku butuh travel umrah simple tapi include Madinah visit.
24285.5s 599 [58.0s] 2360_audio03.wav -> Can you help aku arrange transport dari Jeddah ke Madinah tomorrow?
24343.7s 600 [58.2s] 2360_audio04.wav -> Explain step by step cara apply visa Saudi dengan benar.
24404.5s 601 [60.8s] 2360_audio05.wav -> Ya akhi, uridu bukflaik ila judah al-usbuqan al-qadim. Hal bisa bantu ajidah afdal skidul warihlatan mubasyurah.
24462.7s 602 [58.2s] 2360_audio06.wav -> Uridu arrange transport menjedah ila Madinah Ghadan.
24520.9s 603 [58.2s] 2360_audio07.wav -> Book flight ke Jeddah lalu lanjut ke Madinah. Schedule terbaik kapan?
24578.8s 604 [58.0s] 2360_audio10.wav -> Apa perbedaan umroh dan hajj secara detail dalam Islam?
24637.4s 605 [58.5s] 2360_audio11.wav -> Kenapa fasting di Ramadan itu wajib bagi Muslim?
24695.3s 606 [57.9s] 2360_audio14.wav -> How to prepare dokumen umroh dari Indonesia dengan benar
24696.6s 607 [1.3s] 2362_audio01.wav ->
24697.9s 608 [1.3s] 2362_audio02.wav ->
24699.2s 609 [1.3s] 2362_audio03.wav ->
24700.5s 610 [1.3s] 2362_audio04.wav ->
24701.8s 611 [1.3s] 2362_audio05.wav ->
24703.1s 612 [1.3s] 2362_audio06.wav ->
24704.4s 613 [1.3s] 2362_audio07.wav ->
24705.7s 614 [1.3s] 2362_audio11.wav ->
24707.0s 615 [1.3s] 2362_audio15.wav ->
24708.3s 616 [1.3s] 2362_audio17.wav ->
24709.6s 617 [1.3s] 2362_audio20.wav ->
24767.4s 618 [57.7s] 2363_audio01.wav -> Aku mau book flight ke jedah minggu depan. Bisa bantu schedule.
24824.6s 619 [57.3s] 2363_audio02.wav -> Aku butuh travel umrah simple, tapi include Madinah visit.
24882.0s 620 [57.4s] 2363_audio03.wav -> Can you help? Aku arrange transport dari Jeddah ke Madinah tomorrow.
24939.2s 621 [57.2s] 2363_audio04.wav -> Explain step by step cara apply visa Saudi dengan benar.
24998.8s 622 [59.6s] 2363_audio05.wav -> Ya akhi, uridu book flight ila jaddah al-usbu al-qidam hal bisa bantu ajidah afdal skedul warihlatan mubasyirah.
25056.2s 623 [57.4s] 2363_audio06.wav -> Uridu arrange transport min Jeddah ila Madinah Ghadan.
25114.0s 624 [57.8s] 2363_audio07.wav -> Book flag ke Jeddah lanjut ke Madinah. Schedule terbaik kapan?
25171.5s 625 [57.5s] 2363_audio10.wav -> Apa perbedaan umroh dan haji secara detail dalam Islam?
25228.9s 626 [57.4s] 2363_audio11.wav -> Kedapan fasting di Ramadan itu wajib bagi muslim.
25286.2s 627 [57.2s] 2363_audio14.wav -> How to prepare dokumen umrah dari Indonesia dengan benar
25344.3s 628 [58.2s] 2364_audio01.wav -> Aku mau book fly ke jedah minggu depan, bisa bantu schedule.
25402.3s 629 [57.9s] 2364_audio02.wav -> Aku butuh travel umroh simple tapi include Madinah visit.
25459.7s 630 [57.5s] 2364_audio03.wav -> Can you help aku arrange transport dari Jeddah ke Madinah tomorrow?
25516.8s 631 [57.0s] 2364_audio04.wav -> Explain step by step cara apply visa Saudi dengan benar
25576.7s 632 [59.9s] 2364_audio05.wav -> Ya akhi, uridu buk flaik ila jeddah al-usbu al-qadim. Hal bisa bantu ajidah afdal skedul wa rihlatan mubashiroh?
25634.4s 633 [57.7s] 2364_audio06.wav -> Uridu arrange transport min Jeddah ila Madinah Gadan.
25692.4s 634 [58.0s] 2364_audio12.wav -> Bagaimana proses visa Saudi untuk umroh dari Indonesia sekarang?
25750.6s 635 [58.2s] 2364_audio13.wav -> Jelaskan step by step cara booking flight ke Jeddah secara online.
25807.8s 636 [57.2s] 2364_audio14.wav -> How to prepare dokumen umroh dari Indonesia dengan benar
25865.7s 637 [57.9s] 2364_audio17.wav -> Menurut kamu belajar bahasa Arab itu susah gak untuk pemula?
25923.4s 638 [57.8s] 2366_audio01.wav -> Aku mau book flight ke Jeddah minggu depan. Bisa bantu schedule.
25981.1s 639 [57.7s] 2366_audio02.wav -> Aku butuh travel umroh simple tapi include Madinah Visit.
26038.8s 640 [57.7s] 2366_audio03.wav -> Can you help aku arrange transport dari Jeddah ke Madinah tomorrow?
26096.0s 641 [57.2s] 2366_audio04.wav -> Explain step by step cara apply visa Saudi dengan benar
26155.7s 642 [59.7s] 2366_audio05.wav -> Ya ahli, uridu buk flight ila jaddah al-usbu' al-qadim hal bisa bantu ajidah afda schedule warihlatan mubashiroh.
26213.3s 643 [57.6s] 2366_audio06.wav -> Uridu Arrange Transport Menjadah Ilah Madinah Khadan
26271.3s 644 [58.0s] 2366_audio07.wav -> Book flight ke Jeddah lalu lanjut ke Madinah. Schedule terbaik kapan?
26329.0s 645 [57.8s] 2366_audio11.wav -> Kenapa fasting di Ramadan itu wajib bagi muslim?
26386.6s 646 [57.6s] 2366_audio13.wav -> Jelaskan step by step cara booking flight gadget dah secara online.
26445.0s 647 [58.4s] 2366_audio15.wav -> Tolong bawa checklist persiapan umroh termasuk barang wajib di bawah.
26502.9s 648 [57.9s] 2367_audio1.wav -> Aku mau book flight ke Jeddah minggu depan. Bisa bantu schedule?
26560.6s 649 [57.7s] 2367_audio10.wav -> Apa perbedaan umrah dan hajj secara detail dalam Islam?
26618.4s 650 [57.8s] 2367_audio13.wav -> Jelaskan step by step cara booking flight gadgetah secara online.
26676.1s 651 [57.6s] 2367_audio18.wav -> I feel overwhelmed dengan persiapan umrah. Ada tips sederhana?
26733.6s 652 [57.5s] 2367_audio2.wav -> Aku butuh travel om, raw simple, tapi include Madinah visit.
26791.2s 653 [57.6s] 2367_audio3.wav -> Can you help aku arrange transport dari Jeddah ke Bandinah to-morrow?
26849.3s 654 [58.1s] 2367_audio4.wav -> Explain step by step cara apply visa Saudi dengan benar.
26910.3s 655 [61.0s] 2367_audio5.wav -> Ya akhi, uridubuk flight ila jedda al-usbu' al-qadim. Hal bisa bantu ajidda afdal skedul warih latan mubasirah?
26968.2s 656 [57.9s] 2367_audio6.wav -> Uridu Range Transport min cedda ilama di Nahkodan.
27026.7s 657 [58.5s] 2367_audio7.wav -> Book flight ke Jeddah lalu lanjut ke Madinah. Schedule terbaik kapan?
27084.5s 658 [57.8s] 2369_audio1.wav -> Kalau mau book flight ke Jeddah minggu depan, bisa bantu schedule.
27143.1s 659 [58.6s] 2369_audio10.wav -> Jelaskan step by step cara booking flight ke Jeddah secara online.
27201.3s 660 [58.2s] 2369_audio2.wav -> Aku butuh travel umroh simple tapi include Madinah visit.
27258.7s 661 [57.4s] 2369_audio3.wav -> Can you help aku arrange transport dari Jeddah ke Madinah tomorrow?
27315.9s 662 [57.2s] 2369_audio4.wav -> Explain step by step cara apply visa Saudi dengan benar.
27376.9s 663 [61.0s] 2369_audio5.wav -> Ya akhir, uridu bukfait ila jeddah al-usbu al-qadim. Hal bisa bantu ajidah afdal skejul warih latan mubasirah.
27434.9s 664 [58.0s] 2369_audio6.wav -> Uri du arrange transport min Jeddah ila Madinah Wadan.
27493.1s 665 [58.2s] 2369_audio7.wav -> Book flight ke Jeddah lalu lanjut ke Madinah. Schedule terbaik kapan?
27551.4s 666 [58.3s] 2369_audio8.wav -> Uridu schedule trip min Jeddah ilamakah Bukro Sabah.
27609.8s 667 [58.4s] 2369_audio9.wav -> Bagaimana proses via Saudi untuk umroh dari Indonesia sekarang?
27667.6s 668 [57.8s] 2371_audio01.wav -> Aku mau book flight ke Jeddah minggu depan. Bisa bantu schedule?
27725.7s 669 [58.1s] 2371_audio02.wav -> Aku butuh travel umrah simple, tapi include Madinah visit.
27783.7s 670 [58.1s] 2371_audio03.wav -> Can you help aku arrange transport dari Jeddah ke Madinah tomorrow?
27841.2s 671 [57.5s] 2371_audio04.wav -> Explain step by step cara apply visa Saudi dengan benar.
27901.5s 672 [60.3s] 2371_audio05.wav -> Ya Aqi, uridu book flight ila jeddah al-usbu al-qadim, hal bisa bantu ajidah afdal skajul warihlatan mubashyarah.
27959.2s 673 [57.6s] 2371_audio06.wav -> Uridu Range Transport Min Jeddah Ila Madinah Gadan
28017.9s 674 [58.7s] 2371_audio07.wav -> Book flight ke Jeddah, lalu lanjut ke Madinah, schedule terbaik kapan?
28075.8s 675 [58.0s] 2371_audio12.wav -> Bagaimana proses visa Saudi untuk umrah dari Indonesia sekarang?
28134.3s 676 [58.5s] 2371_audio13.wav -> Jelaskan step by step cara booking flight ke Jeddah secara online.
28192.2s 677 [57.9s] 2371_audio17.wav -> Menurut kamu, belajar bahasa Arab itu susah gak untuk pemula?
28250.5s 678 [58.3s] 2372_audio01.wav -> Aku mau book flight ke Jeddah minggu depan, bisa bantu schedule.
28308.5s 679 [58.0s] 2372_audio02.wav -> Aku butuh travel umrah simple tapi include Madinah visit.
28366.5s 680 [58.0s] 2372_audio03.wav -> Can you help aku arrange transport dari Jeddah ke Madinah tomorrow?
28423.9s 681 [57.4s] 2372_audio04.wav -> Explain step by step cara apply visa Saudi dengan benar.
28483.8s 682 [59.9s] 2372_audio05.wav -> Yaakhi, uridu bukflay ilajadah al-usbu al-qadim. Hal bisa bantu ajidah afdal skajul warih latan mubashiroh?
28541.1s 683 [57.3s] 2372_audio06.wav -> Uridu arrange transport min jedah ila Madinah Khadan.
28599.2s 684 [58.1s] 2372_audio10.wav -> Apa perbedaan umrah dan haji secara detail dalam Islam?
28657.6s 685 [58.3s] 2372_audio11.wav -> Kenapa fasting di ramadhan itu wajib bagi muslim?
28714.9s 686 [57.3s] 2372_audio14.wav -> How to prepare dokumen umrah dari Indonesia dengan benar.
28772.9s 687 [58.0s] 2372_audio15.wav -> Tolong buat checklist persiapan omrah termasuk barang wajib di bawah.
28830.8s 688 [57.9s] 2374_audio01.wav -> Aku mau book flight ke jedah minggu depan, bisa bantu schedule.
28888.3s 689 [57.5s] 2374_audio02.wav -> Aku butuh travel umrah simple tapi include Madinah visit.
28945.9s 690 [57.6s] 2374_audio03.wav -> Can you help aku arrange transport dari Jeddah ke Madinah Tomorow?
29003.2s 691 [57.3s] 2374_audio04.wav -> Explain step by step cara apply visa Saudi dengan benar
29063.5s 692 [60.3s] 2374_audio05.wav -> Ya akhi, kuridu bukflaik ilacerdah al-usbu' al-qadim. Hal bisa bantu ajedah afdal skejul warihlatan nubasyirah?
29121.3s 693 [57.8s] 2374_audio06.wav -> Uridu uris transport menjedah ila Madinah Gadan.
29179.0s 694 [57.7s] 2374_audio11.wav -> Kenapa fasting di Ramadan itu wajib bagi muslim?
29237.0s 695 [58.1s] 2374_audio13.wav -> Jelaskan step-by-step cara booking flight ke Jeddah secara online.
29295.5s 696 [58.4s] 2374_audio15.wav -> Tolong buat ceklis persiapan umrah termasuk barang wajib dibawa.
29353.5s 697 [58.1s] 2374_audio17.wav -> Menurut kamu, belajar bahasa Arab itu susah nggak untuk pemula?
29411.9s 698 [58.4s] 2375_audio01.wav -> Aku mau book flight ke Jeddah minggu depan, bisa bantu schedule?
29469.8s 699 [57.9s] 2375_audio02.wav -> Aku butuh travel umroh, simple tapi include Madinah visit.
29527.7s 700 [57.9s] 2375_audio03.wav -> Can you help aku arrange transport dari Jeddah ke Madinah tomorrow?
29587.0s 701 [59.3s] 2375_audio04.wav -> Explain step by step cara apply visa Saudi dengan benar.
29647.9s 702 [60.9s] 2375_audio05.wav -> Ya akhi, uri du buk fly ila jeddah al-usbu al-qadim hal bisa bantu ajidah afdol skejul warihlatan mubashiroh
29705.9s 703 [58.0s] 2375_audio06.wav -> Uri du er range transport min jeddah ila madinah khodan
29763.6s 704 [57.7s] 2375_audio08.wav -> Uri du schedule trip dari Jeddah ke Makkah besok pagi
29821.8s 705 [58.2s] 2375_audio11.wav -> Kenapa fasting di Ramadan itu wajib bagi muslim?
29880.1s 706 [58.3s] 2375_audio15.wav -> Tolong buat checklist persiapan umroh termasuk barang wajib dibawa.
29937.4s 707 [57.4s] 2375_audio18.wav -> I feel overwhelmed dengan persiapan umroh Ada tips sederhana
29995.2s 708 [57.7s] 2379_audio01.wav -> Aku mau book flight ke Jeddah minggu depan. Bisa bantu schedule?
30053.1s 709 [57.9s] 2379_audio02.wav -> Aku butuh travel umrah simple tapi ikut Madinah fisik.
30111.0s 710 [57.9s] 2379_audio03.wav -> Can you help aku arrange transport dari Jeddah ke Madinah to-morrow?
30170.6s 711 [59.6s] 2379_audio05.wav -> ya ahi uridu bukflai illa jeddah al usbu al qadim hal bisa bantu ajidah afdal skejul wahrilatan mubashirah
30228.0s 712 [57.4s] 2379_audio06.wav -> Uri do a range transport menjedah ila madi nagadan.
30285.7s 713 [57.7s] 2379_audio07.wav -> Bookfly ke Jeddah lalu lanjut ke Madinah, schedule terbaik kapan?
30342.9s 714 [57.2s] 2379_audio12.wav -> Bagaimana proses visa Saudi untuk umrah dari Indonesia sekarang?
30400.2s 715 [57.3s] 2379_audio18.wav -> I feel overwhelmed dengan persiapan umroh. Ada tips sederhana?
30457.5s 716 [57.3s] 2479_audio04.wav -> Explain step by step cara apply visa Saudi dengan benar.
30515.4s 717 [58.1s] 2479_audio15.wav -> Tolong buat checklist persiapan umrah termasuk barang wajib dibawa.
30515.4s 718 ----------------------------------------
30515.4s 719 Selesai! Data berhasil disimpan ke: /kaggle/working/hasil_transkripsi_mentah.csv
30515.4s 720 Silakan unduh file hasil_transkripsi_mentah.csv dari panel Output Kaggle.
